INFO:werkzeug:[31m[1mWARNING: This is a development server. Do not use it in a production deployment. Use a production WSGI server instead.[0m
 * Running on http://127.0.0.1:5000
INFO:werkzeug:[33mPress CTRL+C to quit[0m
DEBUG:app:Entramos al path index
INFO:werkzeug:127.0.0.1 - - [19/Oct/2022 09:24:27] "GET / HTTP/1.1" 200 -
INFO:werkzeug:[31m[1mWARNING: This is a development server. Do not use it in a production deployment. Use a production WSGI server instead.[0m
 * Running on http://127.0.0.1:5000
INFO:werkzeug:[33mPress CTRL+C to quit[0m
INFO:werkzeug:[31m[1mWARNING: This is a development server. Do not use it in a production deployment. Use a production WSGI server instead.[0m
 * Running on http://127.0.0.1:5000
INFO:werkzeug:[33mPress CTRL+C to quit[0m
INFO:werkzeug:127.0.0.1 - - [19/Oct/2022 09:33:45] "GET /saludar/pepe HTTP/1.1" 200 -
INFO:werkzeug:127.0.0.1 - - [19/Oct/2022 09:34:00] "[33mGET /edad/12 HTTP/1.1[0m" 404 -
INFO:werkzeug:127.0.0.1 - - [19/Oct/2022 09:34:21] "[33mGET /edad=12 HTTP/1.1[0m" 404 -
INFO:werkzeug:127.0.0.1 - - [19/Oct/2022 09:34:48] "GET /saludar/pepe HTTP/1.1" 200 -
INFO:werkzeug:127.0.0.1 - - [19/Oct/2022 09:34:57] "[33mGET /edad/11 HTTP/1.1[0m" 404 -
INFO:werkzeug:127.0.0.1 - - [19/Oct/2022 09:35:03] "[33mGET /edad/perro%2011 HTTP/1.1[0m" 404 -
INFO:werkzeug:[31m[1mWARNING: This is a development server. Do not use it in a production deployment. Use a production WSGI server instead.[0m
 * Running on http://127.0.0.1:5000
INFO:werkzeug:[33mPress CTRL+C to quit[0m
INFO:werkzeug:127.0.0.1 - - [19/Oct/2022 09:35:20] "GET /edad/11 HTTP/1.1" 200 -
DEBUG:app:Entramos al path index
INFO:werkzeug:127.0.0.1 - - [19/Oct/2022 09:47:00] "GET / HTTP/1.1" 200 -
INFO:werkzeug:127.0.0.1 - - [19/Oct/2022 09:47:00] "[33mGET /favicon.ico HTTP/1.1[0m" 404 -
INFO:werkzeug:[31m[1mWARNING: This is a development server. Do not use it in a production deployment. Use a production WSGI server instead.[0m
 * Running on http://127.0.0.1:5000
INFO:werkzeug:[33mPress CTRL+C to quit[0m
DEBUG:app:Entramos al path index
DEBUG:app:Entramos al path index
INFO:werkzeug:127.0.0.1 - - [20/Oct/2022 09:01:10] "GET / HTTP/1.1" 200 -
INFO:werkzeug:127.0.0.1 - - [20/Oct/2022 09:01:10] "GET / HTTP/1.1" 200 -
DEBUG:app:Entramos al path index
INFO:werkzeug:127.0.0.1 - - [20/Oct/2022 09:01:13] "GET / HTTP/1.1" 200 -
INFO:werkzeug:127.0.0.1 - - [20/Oct/2022 09:01:13] "[33mGET /favicon.ico HTTP/1.1[0m" 404 -
INFO:werkzeug:127.0.0.1 - - [20/Oct/2022 09:01:18] "[33mGET /pene HTTP/1.1[0m" 404 -
INFO:werkzeug:127.0.0.1 - - [20/Oct/2022 09:01:35] "[33mGET /pene HTTP/1.1[0m" 404 -
INFO:werkzeug:[31m[1mWARNING: This is a development server. Do not use it in a production deployment. Use a production WSGI server instead.[0m
 * Running on http://127.0.0.1:5000
INFO:werkzeug:[33mPress CTRL+C to quit[0m
INFO:werkzeug:127.0.0.1 - - [20/Oct/2022 09:01:42] "[33mGET /pene HTTP/1.1[0m" 404 -
INFO:werkzeug:[31m[1mWARNING: This is a development server. Do not use it in a production deployment. Use a production WSGI server instead.[0m
 * Running on http://127.0.0.1:5000
INFO:werkzeug:[33mPress CTRL+C to quit[0m
INFO:werkzeug:127.0.0.1 - - [20/Oct/2022 09:02:13] "[33mGET /pene HTTP/1.1[0m" 404 -
INFO:werkzeug:127.0.0.1 - - [20/Oct/2022 09:02:39] "[33mGET /pene HTTP/1.1[0m" 404 -
INFO:werkzeug:[31m[1mWARNING: This is a development server. Do not use it in a production deployment. Use a production WSGI server instead.[0m
 * Running on http://127.0.0.1:5000
INFO:werkzeug:[33mPress CTRL+C to quit[0m
INFO:werkzeug:127.0.0.1 - - [20/Oct/2022 09:02:47] "[33mGET /pene HTTP/1.1[0m" 404 -
INFO:werkzeug:[31m[1mWARNING: This is a development server. Do not use it in a production deployment. Use a production WSGI server instead.[0m
 * Running on http://127.0.0.1:5000
INFO:werkzeug:[33mPress CTRL+C to quit[0m
INFO:werkzeug:127.0.0.1 - - [20/Oct/2022 09:03:00] "[33mGET /pene HTTP/1.1[0m" 404 -
INFO:werkzeug:127.0.0.1 - - [20/Oct/2022 09:03:01] "[33mGET /pene HTTP/1.1[0m" 404 -
INFO:werkzeug:127.0.0.1 - - [20/Oct/2022 09:03:07] "[33mGET /pene HTTP/1.1[0m" 404 -
INFO:werkzeug:[31m[1mWARNING: This is a development server. Do not use it in a production deployment. Use a production WSGI server instead.[0m
 * Running on http://127.0.0.1:5000
INFO:werkzeug:[33mPress CTRL+C to quit[0m
INFO:werkzeug:127.0.0.1 - - [20/Oct/2022 09:25:39] "[31m[1mGET /juego HTTP/1.1[0m" 405 -
INFO:werkzeug:127.0.0.1 - - [20/Oct/2022 09:25:44] "POST /juego HTTP/1.1" 200 -
INFO:werkzeug:[31m[1mWARNING: This is a development server. Do not use it in a production deployment. Use a production WSGI server instead.[0m
 * Running on http://127.0.0.1:5000
INFO:werkzeug:[33mPress CTRL+C to quit[0m
INFO:werkzeug:127.0.0.1 - - [20/Oct/2022 09:26:39] "POST /juego HTTP/1.1" 200 -
INFO:werkzeug:[31m[1mWARNING: This is a development server. Do not use it in a production deployment. Use a production WSGI server instead.[0m
 * Running on http://127.0.0.1:5000
INFO:werkzeug:[33mPress CTRL+C to quit[0m
INFO:werkzeug:127.0.0.1 - - [20/Oct/2022 09:26:49] "POST /juego HTTP/1.1" 200 -
INFO:werkzeug:[31m[1mWARNING: This is a development server. Do not use it in a production deployment. Use a production WSGI server instead.[0m
 * Running on http://127.0.0.1:5000
INFO:werkzeug:[33mPress CTRL+C to quit[0m
ERROR:app:Exception on /juego/1 [GET]
Traceback (most recent call last):
  File "C:\Users\mikea\AppData\Local\Programs\Python\Python310\lib\site-packages\flask\app.py", line 2525, in wsgi_app
    response = self.full_dispatch_request()
  File "C:\Users\mikea\AppData\Local\Programs\Python\Python310\lib\site-packages\flask\app.py", line 1822, in full_dispatch_request
    rv = self.handle_user_exception(e)
  File "C:\Users\mikea\AppData\Local\Programs\Python\Python310\lib\site-packages\flask\app.py", line 1820, in full_dispatch_request
    rv = self.dispatch_request()
  File "C:\Users\mikea\AppData\Local\Programs\Python\Python310\lib\site-packages\flask\app.py", line 1796, in dispatch_request
    return self.ensure_sync(self.view_functions[rule.endpoint])(**view_args)
  File "C:\xampp\htdocs\multiparadigma python\Unidad 2\Flask\app.py", line 44, in mostrarJuego
    valores={{
TypeError: unhashable type: 'dict'
INFO:werkzeug:127.0.0.1 - - [20/Oct/2022 09:29:58] "[35m[1mGET /juego/1 HTTP/1.1[0m" 500 -
ERROR:app:Exception on /juego/ [GET]
Traceback (most recent call last):
  File "C:\Users\mikea\AppData\Local\Programs\Python\Python310\lib\site-packages\flask\app.py", line 1820, in full_dispatch_request
    rv = self.dispatch_request()
  File "C:\Users\mikea\AppData\Local\Programs\Python\Python310\lib\site-packages\flask\app.py", line 1785, in dispatch_request
    self.raise_routing_exception(req)
  File "C:\Users\mikea\AppData\Local\Programs\Python\Python310\lib\site-packages\flask\app.py", line 1767, in raise_routing_exception
    raise request.routing_exception  # type: ignore
  File "C:\Users\mikea\AppData\Local\Programs\Python\Python310\lib\site-packages\flask\ctx.py", line 351, in match_request
    result = self.url_adapter.match(return_rule=True)  # type: ignore
  File "C:\Users\mikea\AppData\Local\Programs\Python\Python310\lib\site-packages\werkzeug\routing\map.py", line 624, in match
    raise NotFound() from None
werkzeug.exceptions.NotFound: 404 Not Found: The requested URL was not found on the server. If you entered the URL manually please check your spelling and try again.

During handling of the above exception, another exception occurred:

Traceback (most recent call last):
  File "C:\Users\mikea\AppData\Local\Programs\Python\Python310\lib\site-packages\flask\app.py", line 2525, in wsgi_app
    response = self.full_dispatch_request()
  File "C:\Users\mikea\AppData\Local\Programs\Python\Python310\lib\site-packages\flask\app.py", line 1822, in full_dispatch_request
    rv = self.handle_user_exception(e)
  File "C:\Users\mikea\AppData\Local\Programs\Python\Python310\lib\site-packages\flask\app.py", line 1666, in handle_user_exception
    return self.handle_http_exception(e)
  File "C:\Users\mikea\AppData\Local\Programs\Python\Python310\lib\site-packages\flask\app.py", line 1606, in handle_http_exception
    return self.ensure_sync(handler)(e)
  File "C:\xampp\htdocs\multiparadigma python\Unidad 2\Flask\app.py", line 30, in paginaNoEncontrada
    return render_template('404.html',error=error),404
  File "C:\Users\mikea\AppData\Local\Programs\Python\Python310\lib\site-packages\flask\templating.py", line 146, in render_template
    template = app.jinja_env.get_or_select_template(template_name_or_list)
  File "C:\Users\mikea\AppData\Local\Programs\Python\Python310\lib\site-packages\jinja2\environment.py", line 1081, in get_or_select_template
    return self.get_template(template_name_or_list, parent, globals)
  File "C:\Users\mikea\AppData\Local\Programs\Python\Python310\lib\site-packages\jinja2\environment.py", line 1010, in get_template
    return self._load_template(name, globals)
  File "C:\Users\mikea\AppData\Local\Programs\Python\Python310\lib\site-packages\jinja2\environment.py", line 969, in _load_template
    template = self.loader.load(self, name, self.make_globals(globals))
  File "C:\Users\mikea\AppData\Local\Programs\Python\Python310\lib\site-packages\jinja2\loaders.py", line 138, in load
    code = environment.compile(source, name, filename)
  File "C:\Users\mikea\AppData\Local\Programs\Python\Python310\lib\site-packages\jinja2\environment.py", line 768, in compile
    self.handle_exception(source=source_hint)
  File "C:\Users\mikea\AppData\Local\Programs\Python\Python310\lib\site-packages\jinja2\environment.py", line 936, in handle_exception
    raise rewrite_traceback_stack(source=source)
  File "C:\xampp\htdocs\multiparadigma python\Unidad 2\Flask\templates\404.html", line 5, in template
    <link rel="stylesheet" href="{{url_for('static',filename='estilos/404.css)}}">
jinja2.exceptions.TemplateSyntaxError: unexpected char "'" at 175
INFO:werkzeug:127.0.0.1 - - [20/Oct/2022 09:30:08] "[35m[1mGET /juego/?id=1 HTTP/1.1[0m" 500 -
ERROR:app:Exception on /juego/1 [GET]
Traceback (most recent call last):
  File "C:\Users\mikea\AppData\Local\Programs\Python\Python310\lib\site-packages\flask\app.py", line 2525, in wsgi_app
    response = self.full_dispatch_request()
  File "C:\Users\mikea\AppData\Local\Programs\Python\Python310\lib\site-packages\flask\app.py", line 1822, in full_dispatch_request
    rv = self.handle_user_exception(e)
  File "C:\Users\mikea\AppData\Local\Programs\Python\Python310\lib\site-packages\flask\app.py", line 1820, in full_dispatch_request
    rv = self.dispatch_request()
  File "C:\Users\mikea\AppData\Local\Programs\Python\Python310\lib\site-packages\flask\app.py", line 1796, in dispatch_request
    return self.ensure_sync(self.view_functions[rule.endpoint])(**view_args)
  File "C:\xampp\htdocs\multiparadigma python\Unidad 2\Flask\app.py", line 44, in mostrarJuego
    valores={{
TypeError: unhashable type: 'dict'
INFO:werkzeug:127.0.0.1 - - [20/Oct/2022 09:30:37] "[35m[1mGET /juego/1 HTTP/1.1[0m" 500 -
INFO:werkzeug:[31m[1mWARNING: This is a development server. Do not use it in a production deployment. Use a production WSGI server instead.[0m
 * Running on http://127.0.0.1:5000
INFO:werkzeug:[33mPress CTRL+C to quit[0m
ERROR:app:Exception on /juego/1 [GET]
Traceback (most recent call last):
  File "C:\Users\mikea\AppData\Local\Programs\Python\Python310\lib\site-packages\flask\app.py", line 2525, in wsgi_app
    response = self.full_dispatch_request()
  File "C:\Users\mikea\AppData\Local\Programs\Python\Python310\lib\site-packages\flask\app.py", line 1822, in full_dispatch_request
    rv = self.handle_user_exception(e)
  File "C:\Users\mikea\AppData\Local\Programs\Python\Python310\lib\site-packages\flask\app.py", line 1820, in full_dispatch_request
    rv = self.dispatch_request()
  File "C:\Users\mikea\AppData\Local\Programs\Python\Python310\lib\site-packages\flask\app.py", line 1796, in dispatch_request
    return self.ensure_sync(self.view_functions[rule.endpoint])(**view_args)
  File "C:\xampp\htdocs\multiparadigma python\Unidad 2\Flask\app.py", line 44, in mostrarJuego
    valores={{
TypeError: unhashable type: 'dict'
INFO:werkzeug:127.0.0.1 - - [20/Oct/2022 09:31:26] "[35m[1mGET /juego/1 HTTP/1.1[0m" 500 -
ERROR:app:Exception on /juego/1 [GET]
Traceback (most recent call last):
  File "C:\Users\mikea\AppData\Local\Programs\Python\Python310\lib\site-packages\flask\app.py", line 2525, in wsgi_app
    response = self.full_dispatch_request()
  File "C:\Users\mikea\AppData\Local\Programs\Python\Python310\lib\site-packages\flask\app.py", line 1822, in full_dispatch_request
    rv = self.handle_user_exception(e)
  File "C:\Users\mikea\AppData\Local\Programs\Python\Python310\lib\site-packages\flask\app.py", line 1820, in full_dispatch_request
    rv = self.dispatch_request()
  File "C:\Users\mikea\AppData\Local\Programs\Python\Python310\lib\site-packages\flask\app.py", line 1796, in dispatch_request
    return self.ensure_sync(self.view_functions[rule.endpoint])(**view_args)
  File "C:\xampp\htdocs\multiparadigma python\Unidad 2\Flask\app.py", line 44, in mostrarJuego
    valores={{
TypeError: unhashable type: 'dict'
INFO:werkzeug:127.0.0.1 - - [20/Oct/2022 09:31:32] "[35m[1mGET /juego/1 HTTP/1.1[0m" 500 -
INFO:werkzeug:[31m[1mWARNING: This is a development server. Do not use it in a production deployment. Use a production WSGI server instead.[0m
 * Running on http://127.0.0.1:5000
INFO:werkzeug:[33mPress CTRL+C to quit[0m
INFO:werkzeug:127.0.0.1 - - [20/Oct/2022 09:32:11] "GET /juego/1 HTTP/1.1" 200 -
INFO:werkzeug:[31m[1mWARNING: This is a development server. Do not use it in a production deployment. Use a production WSGI server instead.[0m
 * Running on http://127.0.0.1:5000
INFO:werkzeug:[33mPress CTRL+C to quit[0m
INFO:werkzeug:127.0.0.1 - - [30/Oct/2022 20:37:44] "GET /verPersona/1 HTTP/1.1" 200 -
INFO:werkzeug:127.0.0.1 - - [30/Oct/2022 20:37:48] "GET /editarPersona/1 HTTP/1.1" 200 -
DEBUG:app:None
INFO:werkzeug:127.0.0.1 - - [30/Oct/2022 20:37:50] "GET /editarDireccion/2 HTTP/1.1" 200 -
INFO:werkzeug:127.0.0.1 - - [30/Oct/2022 20:37:51] "GET /verDireccion/2 HTTP/1.1" 200 -
INFO:werkzeug:127.0.0.1 - - [30/Oct/2022 20:37:53] "GET /verPerro/1 HTTP/1.1" 200 -
DEBUG:app:None
INFO:werkzeug:127.0.0.1 - - [30/Oct/2022 20:37:54] "GET /editarPerro/1 HTTP/1.1" 200 -
INFO:werkzeug:127.0.0.1 - - [30/Oct/2022 20:44:50] "GET /verPersona/1 HTTP/1.1" 200 -
INFO:werkzeug:127.0.0.1 - - [30/Oct/2022 20:44:51] "GET /editarPersona/1 HTTP/1.1" 200 -
INFO:werkzeug:127.0.0.1 - - [30/Oct/2022 20:44:54] "GET /verDireccion/2 HTTP/1.1" 200 -
DEBUG:app:None
INFO:werkzeug:127.0.0.1 - - [30/Oct/2022 20:44:55] "GET /editarDireccion/2 HTTP/1.1" 200 -
DEBUG:app:None
INFO:werkzeug:127.0.0.1 - - [30/Oct/2022 20:45:27] "GET /agregarDireccion HTTP/1.1" 200 -
DEBUG:app:None
INFO:werkzeug:127.0.0.1 - - [30/Oct/2022 20:45:28] "GET /agregarPersona HTTP/1.1" 200 -
INFO:werkzeug:[31m[1mWARNING: This is a development server. Do not use it in a production deployment. Use a production WSGI server instead.[0m
 * Running on http://127.0.0.1:5000
INFO:werkzeug:[33mPress CTRL+C to quit[0m
DEBUG:app:None
INFO:werkzeug:127.0.0.1 - - [30/Oct/2022 21:05:29] "GET /agregarPersona HTTP/1.1" 200 -
DEBUG:app:None
INFO:werkzeug:127.0.0.1 - - [30/Oct/2022 21:05:50] "GET /agregarDireccion HTTP/1.1" 200 -
INFO:werkzeug:127.0.0.1 - - [30/Oct/2022 21:05:50] "[33mGET /estilo.css HTTP/1.1[0m" 404 -
INFO:werkzeug:[31m[1mWARNING: This is a development server. Do not use it in a production deployment. Use a production WSGI server instead.[0m
 * Running on http://127.0.0.1:5000
INFO:werkzeug:[33mPress CTRL+C to quit[0m
DEBUG:app:None
INFO:werkzeug:127.0.0.1 - - [30/Oct/2022 21:07:35] "GET /agregarDireccion HTTP/1.1" 200 -
INFO:werkzeug:127.0.0.1 - - [30/Oct/2022 21:07:35] "[33mGET /estilo.css HTTP/1.1[0m" 404 -
INFO:werkzeug:127.0.0.1 - - [30/Oct/2022 21:07:35] "[33mGET /estilo.css HTTP/1.1[0m" 404 -
DEBUG:app:None
INFO:werkzeug:127.0.0.1 - - [30/Oct/2022 21:07:37] "GET /agregarDireccion HTTP/1.1" 200 -
INFO:werkzeug:127.0.0.1 - - [30/Oct/2022 21:07:37] "[33mGET /estilo.css HTTP/1.1[0m" 404 -
INFO:werkzeug:[31m[1mWARNING: This is a development server. Do not use it in a production deployment. Use a production WSGI server instead.[0m
 * Running on http://127.0.0.1:5000
INFO:werkzeug:[33mPress CTRL+C to quit[0m
DEBUG:app:None
INFO:werkzeug:127.0.0.1 - - [30/Oct/2022 21:10:44] "GET /agregarDireccion HTTP/1.1" 200 -
INFO:werkzeug:[31m[1mWARNING: This is a development server. Do not use it in a production deployment. Use a production WSGI server instead.[0m
 * Running on http://127.0.0.1:5000
INFO:werkzeug:[33mPress CTRL+C to quit[0m
DEBUG:app:None
INFO:werkzeug:127.0.0.1 - - [30/Oct/2022 21:11:31] "GET /agregarDireccion HTTP/1.1" 200 -
INFO:werkzeug:[31m[1mWARNING: This is a development server. Do not use it in a production deployment. Use a production WSGI server instead.[0m
 * Running on http://127.0.0.1:5000
INFO:werkzeug:[33mPress CTRL+C to quit[0m
DEBUG:app:None
INFO:werkzeug:127.0.0.1 - - [30/Oct/2022 21:11:49] "GET /agregarDireccion HTTP/1.1" 200 -
DEBUG:app:None
INFO:werkzeug:127.0.0.1 - - [30/Oct/2022 21:17:46] "[32mPOST /agregarDireccion HTTP/1.1[0m" 302 -
DEBUG:app:None
DEBUG:app:None
INFO:werkzeug:127.0.0.1 - - [30/Oct/2022 21:17:46] "GET /index.html HTTP/1.1" 200 -
DEBUG:app:None
INFO:werkzeug:127.0.0.1 - - [30/Oct/2022 21:18:20] "GET /editarDireccion/3 HTTP/1.1" 200 -
DEBUG:app:None
INFO:werkzeug:127.0.0.1 - - [30/Oct/2022 21:18:27] "GET /editarDireccion/3 HTTP/1.1" 200 -
DEBUG:app:None
INFO:werkzeug:127.0.0.1 - - [30/Oct/2022 21:19:08] "GET /editarDireccion/2 HTTP/1.1" 200 -
DEBUG:app:None
INFO:werkzeug:127.0.0.1 - - [30/Oct/2022 21:19:50] "GET /editarDireccion/2 HTTP/1.1" 200 -
INFO:werkzeug:[31m[1mWARNING: This is a development server. Do not use it in a production deployment. Use a production WSGI server instead.[0m
 * Running on http://127.0.0.1:5000
INFO:werkzeug:[33mPress CTRL+C to quit[0m
DEBUG:app:None
INFO:werkzeug:127.0.0.1 - - [30/Oct/2022 21:20:07] "GET /editarDireccion/2 HTTP/1.1" 200 -
DEBUG:app:None
INFO:werkzeug:127.0.0.1 - - [30/Oct/2022 21:20:28] "[32mPOST /editarDireccion/2 HTTP/1.1[0m" 302 -
DEBUG:app:None
DEBUG:app:None
INFO:werkzeug:127.0.0.1 - - [30/Oct/2022 21:20:28] "GET /index.html HTTP/1.1" 200 -
DEBUG:app:None
INFO:werkzeug:127.0.0.1 - - [30/Oct/2022 21:20:32] "GET /editarDireccion/2 HTTP/1.1" 200 -
DEBUG:app:None
INFO:werkzeug:127.0.0.1 - - [30/Oct/2022 21:21:32] "[32mGET /eliminarDireccion/2 HTTP/1.1[0m" 302 -
DEBUG:app:None
DEBUG:app:None
INFO:werkzeug:127.0.0.1 - - [30/Oct/2022 21:21:32] "GET /index.html HTTP/1.1" 200 -
INFO:werkzeug:[31m[1mWARNING: This is a development server. Do not use it in a production deployment. Use a production WSGI server instead.[0m
 * Running on http://127.0.0.1:5000
INFO:werkzeug:[33mPress CTRL+C to quit[0m
INFO:werkzeug:[31m[1mWARNING: This is a development server. Do not use it in a production deployment. Use a production WSGI server instead.[0m
 * Running on http://127.0.0.1:5000
INFO:werkzeug:[33mPress CTRL+C to quit[0m
